# JRE version: Java(TM) SE Runtime Environment (8.0_111-b14) (build 1.8.0_111-b14)
# Java VM: Java HotSpot(TM) 64-Bit Server VM (25.111-b14 mixed mode windows-amd64 compressed oops)
Heap:
 def new generation   total 74496K, used 66240K [0x00000000ce400000, 0x00000000d34d0000, 0x00000000ded50000)
  eden space 66240K, 100% used [0x00000000ce400000, 0x00000000d24b0000, 0x00000000d24b0000)
  from space 8256K,   0% used [0x00000000d2cc0000, 0x00000000d2cc0000, 0x00000000d34d0000)
  to   space 8256K, 100% used [0x00000000d24b0000, 0x00000000d2cc0000, 0x00000000d2cc0000)
 tenured generation   total 186812K, used 186811K [0x00000000ded50000, 0x00000000ea3bf000, 0x0000000100000000)
   the space 186812K,  99% used [0x00000000ded50000, 0x00000000ea3beff8, 0x00000000ea3bf000, 0x00000000ea3bf000)
 Metaspace       used 14752K, capacity 14970K, committed 15232K, reserved 1062912K
  class space    used 1710K, capacity 1815K, committed 1920K, reserved 1048576K
GC Heap History (10 events):
Event: 15.627 GC heap after
Heap after GC invocations=10 (full 1):
 def new generation   total 66240K, used 7295K [0x00000000ce400000, 0x00000000d2bd0000, 0x00000000ded50000)
  eden space 58944K,   0% used [0x00000000ce400000, 0x00000000ce400000, 0x00000000d1d90000)
  from space 7296K,  99% used [0x00000000d24b0000, 0x00000000d2bcfff8, 0x00000000d2bd0000)
  to   space 7296K,   0% used [0x00000000d1d90000, 0x00000000d1d90000, 0x00000000d24b0000)
 tenured generation   total 146988K, used 103602K [0x00000000ded50000, 0x00000000e7cdb000, 0x0000000100000000)
   the space 146988K,  70% used [0x00000000ded50000, 0x00000000e527cbf8, 0x00000000e527cc00, 0x00000000e7cdb000)
 Metaspace       used 14501K, capacity 14772K, committed 14976K, reserved 1062912K
  class space    used 1709K, capacity 1814K, committed 1920K, reserved 1048576K
}
Event: 16.735 GC heap before
{Heap before GC invocations=10 (full 1):
 def new generation   total 66240K, used 66239K [0x00000000ce400000, 0x00000000d2bd0000, 0x00000000ded50000)
  eden space 58944K, 100% used [0x00000000ce400000, 0x00000000d1d90000, 0x00000000d1d90000)
  from space 7296K,  99% used [0x00000000d24b0000, 0x00000000d2bcfff8, 0x00000000d2bd0000)
  to   space 7296K,   0% used [0x00000000d1d90000, 0x00000000d1d90000, 0x00000000d24b0000)
 tenured generation   total 146988K, used 103602K [0x00000000ded50000, 0x00000000e7cdb000, 0x0000000100000000)
   the space 146988K,  70% used [0x00000000ded50000, 0x00000000e527cbf8, 0x00000000e527cc00, 0x00000000e7cdb000)
 Metaspace       used 14508K, capacity 14772K, committed 14976K, reserved 1062912K
  class space    used 1709K, capacity 1814K, committed 1920K, reserved 1048576K
Event: 16.858 GC heap after
Heap after GC invocations=11 (full 1):
 def new generation   total 66240K, used 7295K [0x00000000ce400000, 0x00000000d2bd0000, 0x00000000ded50000)
  eden space 58944K,   0% used [0x00000000ce400000, 0x00000000ce400000, 0x00000000d1d90000)
  from space 7296K,  99% used [0x00000000d1d90000, 0x00000000d24afff8, 0x00000000d24b0000)
  to   space 7296K,   0% used [0x00000000d24b0000, 0x00000000d24b0000, 0x00000000d2bd0000)
 tenured generation   total 146988K, used 123656K [0x00000000ded50000, 0x00000000e7cdb000, 0x0000000100000000)
   the space 146988K,  84% used [0x00000000ded50000, 0x00000000e6612260, 0x00000000e6612400, 0x00000000e7cdb000)
 Metaspace       used 14508K, capacity 14772K, committed 14976K, reserved 1062912K
  class space    used 1709K, capacity 1814K, committed 1920K, reserved 1048576K
}
Event: 19.732 GC heap before
{Heap before GC invocations=11 (full 1):
 def new generation   total 66240K, used 66239K [0x00000000ce400000, 0x00000000d2bd0000, 0x00000000ded50000)
  eden space 58944K, 100% used [0x00000000ce400000, 0x00000000d1d90000, 0x00000000d1d90000)
  from space 7296K,  99% used [0x00000000d1d90000, 0x00000000d24afff8, 0x00000000d24b0000)
  to   space 7296K,   0% used [0x00000000d24b0000, 0x00000000d24b0000, 0x00000000d2bd0000)
 tenured generation   total 146988K, used 123656K [0x00000000ded50000, 0x00000000e7cdb000, 0x0000000100000000)
   the space 146988K,  84% used [0x00000000ded50000, 0x00000000e6612260, 0x00000000e6612400, 0x00000000e7cdb000)
 Metaspace       used 14518K, capacity 14772K, committed 14976K, reserved 1062912K
  class space    used 1709K, capacity 1814K, committed 1920K, reserved 1048576K
Event: 19.877 GC heap after
Heap after GC invocations=12 (full 1):
 def new generation   total 66240K, used 7296K [0x00000000ce400000, 0x00000000d2bd0000, 0x00000000ded50000)
  eden space 58944K,   0% used [0x00000000ce400000, 0x00000000ce400000, 0x00000000d1d90000)
  from space 7296K, 100% used [0x00000000d24b0000, 0x00000000d2bd0000, 0x00000000d2bd0000)
  to   space 7296K,   0% used [0x00000000d1d90000, 0x00000000d1d90000, 0x00000000d24b0000)
 tenured generation   total 146988K, used 144407K [0x00000000ded50000, 0x00000000e7cdb000, 0x0000000100000000)
   the space 146988K,  98% used [0x00000000ded50000, 0x00000000e7a55cc0, 0x00000000e7a55e00, 0x00000000e7cdb000)
 Metaspace       used 14518K, capacity 14772K, committed 14976K, reserved 1062912K
  class space    used 1709K, capacity 1814K, committed 1920K, reserved 1048576K
}
Event: 21.047 GC heap before
{Heap before GC invocations=12 (full 1):
 def new generation   total 66240K, used 66240K [0x00000000ce400000, 0x00000000d2bd0000, 0x00000000ded50000)
  eden space 58944K, 100% used [0x00000000ce400000, 0x00000000d1d90000, 0x00000000d1d90000)
  from space 7296K, 100% used [0x00000000d24b0000, 0x00000000d2bd0000, 0x00000000d2bd0000)
  to   space 7296K,   0% used [0x00000000d1d90000, 0x00000000d1d90000, 0x00000000d24b0000)
 tenured generation   total 146988K, used 144407K [0x00000000ded50000, 0x00000000e7cdb000, 0x0000000100000000)
   the space 146988K,  98% used [0x00000000ded50000, 0x00000000e7a55cc0, 0x00000000e7a55e00, 0x00000000e7cdb000)
 Metaspace       used 14539K, capacity 14772K, committed 14976K, reserved 1062912K
  class space    used 1709K, capacity 1814K, committed 1920K, reserved 1048576K
Event: 21.549 GC heap after
Heap after GC invocations=13 (full 2):
 def new generation   total 74496K, used 7133K [0x00000000ce400000, 0x00000000d34d0000, 0x00000000ded50000)
  eden space 66240K,  10% used [0x00000000ce400000, 0x00000000ceaf7678, 0x00000000d24b0000)
  from space 8256K,   0% used [0x00000000d24b0000, 0x00000000d24b0000, 0x00000000d2cc0000)
  to   space 8256K,   0% used [0x00000000d2cc0000, 0x00000000d2cc0000, 0x00000000d34d0000)
 tenured generation   total 165420K, used 165419K [0x00000000ded50000, 0x00000000e8edb000, 0x0000000100000000)
   the space 165420K,  99% used [0x00000000ded50000, 0x00000000e8edafe0, 0x00000000e8edb000, 0x00000000e8edb000)
 Metaspace       used 14539K, capacity 14772K, committed 14976K, reserved 1062912K
  class space    used 1709K, capacity 1814K, committed 1920K, reserved 1048576K
}
Event: 22.684 GC heap before
{Heap before GC invocations=13 (full 2):
 def new generation   total 74496K, used 66240K [0x00000000ce400000, 0x00000000d34d0000, 0x00000000ded50000)
  eden space 66240K, 100% used [0x00000000ce400000, 0x00000000d24b0000, 0x00000000d24b0000)
  from space 8256K,   0% used [0x00000000d24b0000, 0x00000000d24b0000, 0x00000000d2cc0000)
  to   space 8256K,   0% used [0x00000000d2cc0000, 0x00000000d2cc0000, 0x00000000d34d0000)
 tenured generation   total 165420K, used 165419K [0x00000000ded50000, 0x00000000e8edb000, 0x0000000100000000)
   the space 165420K,  99% used [0x00000000ded50000, 0x00000000e8edafe0, 0x00000000e8edb000, 0x00000000e8edb000)
 Metaspace       used 14748K, capacity 14964K, committed 15232K, reserved 1062912K
  class space    used 1709K, capacity 1814K, committed 1920K, reserved 1048576K
Event: 23.382 GC heap after
Heap after GC invocations=14 (full 3):
 def new generation   total 74496K, used 8171K [0x00000000ce400000, 0x00000000d34d0000, 0x00000000ded50000)
  eden space 66240K,  12% used [0x00000000ce400000, 0x00000000cebfad58, 0x00000000d24b0000)
  from space 8256K,   0% used [0x00000000d2cc0000, 0x00000000d2cc0000, 0x00000000d34d0000)
  to   space 8256K,   0% used [0x00000000d24b0000, 0x00000000d24b0000, 0x00000000d2cc0000)
 tenured generation   total 185004K, used 185003K [0x00000000ded50000, 0x00000000ea1fb000, 0x0000000100000000)
   the space 185004K,  99% used [0x00000000ded50000, 0x00000000ea1faff0, 0x00000000ea1fb000, 0x00000000ea1fb000)
 Metaspace       used 14748K, capacity 14964K, committed 15232K, reserved 1062912K
  class space    used 1709K, capacity 1814K, committed 1920K, reserved 1048576K
}
Event: 24.402 GC heap before
{Heap before GC invocations=14 (full 3):
 def new generation   total 74496K, used 66240K [0x00000000ce400000, 0x00000000d34d0000, 0x00000000ded50000)
  eden space 66240K, 100% used [0x00000000ce400000, 0x00000000d24b0000, 0x00000000d24b0000)
  from space 8256K,   0% used [0x00000000d2cc0000, 0x00000000d2cc0000, 0x00000000d34d0000)
  to   space 8256K,   0% used [0x00000000d24b0000, 0x00000000d24b0000, 0x00000000d2cc0000)
 tenured generation   total 185004K, used 185003K [0x00000000ded50000, 0x00000000ea1fb000, 0x0000000100000000)
   the space 185004K,  99% used [0x00000000ded50000, 0x00000000ea1faff0, 0x00000000ea1fb000, 0x00000000ea1fb000)
 Metaspace       used 14752K, capacity 14970K, committed 15232K, reserved 1062912K
  class space    used 1710K, capacity 1815K, committed 1920K, reserved 1048576K

